<?xml version="1.0" encoding="UTF-8"?>
<robot generator="Robot 4.1.3 (Python 3.10.2 on win32)" generated="20220426 18:26:47.014" rpa="false" schemaversion="2">
<suite id="s1" name="Test1" source="C:\Users\Admin\OneDrive\เดสก์ท็อป\Test\Test1\Testsuite\test1.robot">
<test id="s1-t1" name="TC_002 Search Robot Framework and open 1st link and verify page">
<kw name="Open Webpage" library="Keywords_test1">
<kw name="New Browser" library="Browser">
<arg>browser=chromium</arg>
<arg>headless=False</arg>
<tag>BrowserControl</tag>
<tag>Setter</tag>
<doc>Create a new playwright Browser with specified options.</doc>
<msg timestamp="20220426 18:26:55.835" level="INFO">{"browser": "chromium", "headless": false, "handleSIGINT": true, "handleSIGTERM": true, "handleSIGHUP": true, "timeout": 30000.0, "devtools": false, "slowMo": 0.0, "tracesDir": "C:\\Users\\Admin\\OneDrive\\\u0e40\u0e14\u0e2a\u0e01\u0e4c\u0e17\u0e47\u0e2d\u0e1b\\Test\\Test1\\Testsuite\\Result\\pabot_results\\1\\browser\\traces\\a6ef54eb-da83-4bc1-abb2-9a4faaf1976a"}</msg>
<msg timestamp="20220426 18:27:12.859" level="INFO">Successfully created browser with options: {"browser":"chromium","headless":false,"handleSIGINT":true,"handleSIGTERM":true,"handleSIGHUP":true,"timeout":30000,"devtools":false,"slowMo":0,"tracesDir":"C:\\Users\\Admin\\OneDrive\\เดสก์ท็อป\\Test\\Test1\\Testsuite\\Result\\pabot_results\\1\\browser\\traces\\a6ef54eb-da83-4bc1-abb2-9a4faaf1976a"}</msg>
<status status="PASS" starttime="20220426 18:26:55.835" endtime="20220426 18:27:12.859"/>
</kw>
<kw name="New Page" library="Browser">
<arg>${URL}</arg>
<tag>BrowserControl</tag>
<tag>Setter</tag>
<doc>Open a new Page.</doc>
<msg timestamp="20220426 18:27:35.253" level="WARN">Keyword 'Take Screenshot  fail-screenshot-{index}' could not be run on failure:
Error: Tried to take screenshot, but no page was open.</msg>
<msg timestamp="20220426 18:27:35.380" level="FAIL">TimeoutError: page.goto: Timeout 10000ms exceeded.
=========================== logs ===========================
navigating to "https://www.google.co.th/", waiting until "load"
============================================================</msg>
<status status="FAIL" starttime="20220426 18:27:12.881" endtime="20220426 18:27:35.380"/>
</kw>
<status status="FAIL" starttime="20220426 18:26:55.835" endtime="20220426 18:27:35.398"/>
</kw>
<kw name="Input Text Box" library="Keywords_test1">
<arg>Robot Framework</arg>
<status status="NOT RUN" starttime="20220426 18:27:35.399" endtime="20220426 18:27:35.400"/>
</kw>
<kw name="Enter Search" library="Keywords_test1">
<status status="NOT RUN" starttime="20220426 18:27:35.400" endtime="20220426 18:27:35.400"/>
</kw>
<kw name="Verify Text 1st Link" library="Keywords_test1">
<arg>Robot Framework</arg>
<status status="NOT RUN" starttime="20220426 18:27:35.400" endtime="20220426 18:27:35.400"/>
</kw>
<kw name="Click 1st Link" library="Keywords_test1">
<status status="NOT RUN" starttime="20220426 18:27:35.400" endtime="20220426 18:27:35.400"/>
</kw>
<kw name="Verify page Robot Framework" library="Keywords_test1">
<status status="NOT RUN" starttime="20220426 18:27:35.400" endtime="20220426 18:27:35.400"/>
</kw>
<status status="FAIL" starttime="20220426 18:26:55.775" endtime="20220426 18:27:35.400">TimeoutError: page.goto: Timeout 10000ms exceeded.
=========================== logs ===========================
navigating to "https://www.google.co.th/", waiting until "load"
============================================================</status>
</test>
<status status="FAIL" starttime="20220426 18:26:47.052" endtime="20220426 18:27:36.631"/>
</suite>
<statistics>
<total>
<stat pass="0" fail="1" skip="0">All Tests</stat>
</total>
<tag>
</tag>
<suite>
<stat pass="0" fail="1" skip="0" id="s1" name="Test1">Test1</stat>
</suite>
</statistics>
<errors>
<msg timestamp="20220426 18:27:35.253" level="WARN">Keyword 'Take Screenshot  fail-screenshot-{index}' could not be run on failure:
Error: Tried to take screenshot, but no page was open.</msg>
<msg timestamp="20220426 18:27:35.394" level="ERROR">Calling method 'end_keyword' of listener 'RobotStackTracer' failed: UnicodeEncodeError: 'charmap' codec can't encode characters in position 156-164: character maps to &lt;undefined&gt;</msg>
<msg timestamp="20220426 18:27:35.399" level="ERROR">Calling method 'end_keyword' of listener 'RobotStackTracer' failed: UnicodeEncodeError: 'charmap' codec can't encode characters in position 156-164: character maps to &lt;undefined&gt;</msg>
</errors>
</robot>
