<?xml version="1.0" encoding="UTF-8"?>
<robot generator="Robot 4.1.3 (Python 3.10.2 on win32)" generated="20220426 18:27:58.059" rpa="false" schemaversion="2">
<suite id="s1" name="Test1" source="C:\Users\Admin\OneDrive\เดสก์ท็อป\Test\Test1\Testsuite\test1.robot">
<test id="s1-t1" name="TC_003 Search Kasetsart and open 3rd link and verify page">
<kw name="Open Webpage" library="Keywords_test1">
<kw name="New Browser" library="Browser">
<arg>browser=chromium</arg>
<arg>headless=False</arg>
<tag>BrowserControl</tag>
<tag>Setter</tag>
<doc>Create a new playwright Browser with specified options.</doc>
<msg timestamp="20220426 18:28:08.410" level="INFO">{"browser": "chromium", "headless": false, "handleSIGINT": true, "handleSIGTERM": true, "handleSIGHUP": true, "timeout": 30000.0, "devtools": false, "slowMo": 0.0, "tracesDir": "C:\\Users\\Admin\\OneDrive\\\u0e40\u0e14\u0e2a\u0e01\u0e4c\u0e17\u0e47\u0e2d\u0e1b\\Test\\Test1\\Testsuite\\Result\\pabot_results\\2\\browser\\traces\\710b252e-6576-498a-a79f-360432648a55"}</msg>
<msg timestamp="20220426 18:28:26.514" level="INFO">Successfully created browser with options: {"browser":"chromium","headless":false,"handleSIGINT":true,"handleSIGTERM":true,"handleSIGHUP":true,"timeout":30000,"devtools":false,"slowMo":0,"tracesDir":"C:\\Users\\Admin\\OneDrive\\เดสก์ท็อป\\Test\\Test1\\Testsuite\\Result\\pabot_results\\2\\browser\\traces\\710b252e-6576-498a-a79f-360432648a55"}</msg>
<status status="PASS" starttime="20220426 18:28:08.406" endtime="20220426 18:28:26.519"/>
</kw>
<kw name="New Page" library="Browser">
<arg>${URL}</arg>
<tag>BrowserControl</tag>
<tag>Setter</tag>
<doc>Open a new Page.</doc>
<msg timestamp="20220426 18:28:39.642" level="INFO">Successfully initialized new page object and opened url: https://www.google.co.th/</msg>
<msg timestamp="20220426 18:28:39.642" level="INFO">No context was open. New context was automatically opened when this page is created.</msg>
<status status="PASS" starttime="20220426 18:28:26.519" endtime="20220426 18:28:39.642"/>
</kw>
<status status="PASS" starttime="20220426 18:28:08.406" endtime="20220426 18:28:39.642"/>
</kw>
<kw name="Input Text Box" library="Keywords_test1">
<arg>Kasetsart University</arg>
<kw name="Type Text" library="Browser">
<arg>${txt_search}</arg>
<arg>${Text}</arg>
<tag>PageContent</tag>
<tag>Setter</tag>
<doc>Types the given ``txt`` into the text field found by ``selector``.</doc>
<msg timestamp="20220426 18:28:39.649" level="INFO">Types the text 'Kasetsart University' in the given field.</msg>
<status status="PASS" starttime="20220426 18:28:39.642" endtime="20220426 18:28:43.970"/>
</kw>
<status status="PASS" starttime="20220426 18:28:39.642" endtime="20220426 18:28:43.972"/>
</kw>
<kw name="Enter Search" library="Keywords_test1">
<kw name="Press Keys" library="Browser">
<arg>${txt_search}</arg>
<arg>Enter</arg>
<tag>PageContent</tag>
<tag>Setter</tag>
<doc>Types the given key combination into element found by ``selector``.</doc>
<status status="PASS" starttime="20220426 18:28:43.972" endtime="20220426 18:28:44.589"/>
</kw>
<kw name="Sleep" library="BuiltIn">
<arg>5s</arg>
<doc>Pauses the test executed for the given time.</doc>
<msg timestamp="20220426 18:28:49.608" level="INFO">Slept 5 seconds</msg>
<status status="PASS" starttime="20220426 18:28:44.589" endtime="20220426 18:28:49.608"/>
</kw>
<status status="PASS" starttime="20220426 18:28:43.972" endtime="20220426 18:28:49.614"/>
</kw>
<kw name="Verify Text 3rd Link" library="Keywords_test1">
<arg>Kasetsart University</arg>
<kw name="Get Text" library="Browser">
<var>${name_3rdlink}</var>
<arg>${lbl_3rdlink}</arg>
<tag>Assertion</tag>
<tag>Getter</tag>
<tag>PageContent</tag>
<doc>Returns text attribute of the element found by ``selector``.</doc>
<msg timestamp="20220426 18:28:53.486" level="INFO">${name_3rdlink} = Kasetsart University</msg>
<status status="PASS" starttime="20220426 18:28:49.615" endtime="20220426 18:28:53.486"/>
</kw>
<kw name="Should Be Equal" library="BuiltIn">
<arg>${name_3rdlink}</arg>
<arg>${Text}</arg>
<doc>Fails if the given objects are unequal.</doc>
<status status="PASS" starttime="20220426 18:28:53.486" endtime="20220426 18:28:53.487"/>
</kw>
<status status="PASS" starttime="20220426 18:28:49.615" endtime="20220426 18:28:53.488"/>
</kw>
<kw name="Click 3rd Link" library="Keywords_test1">
<kw name="Wait For Elements State" library="Browser">
<arg>${lbl_3rdlink}</arg>
<tag>PageContent</tag>
<tag>Wait</tag>
<doc>Waits for the element found by ``selector`` to satisfy state option.</doc>
<msg timestamp="20220426 18:28:53.574" level="INFO">Waited for Element with selector (//*[@id="rso"]/div//h3[@class="LC20lb MBeuO DKV0Md"])[3] at state visible</msg>
<status status="PASS" starttime="20220426 18:28:53.489" endtime="20220426 18:28:53.574"/>
</kw>
<kw name="Click" library="Browser">
<arg>${lbl_3rdlink}</arg>
<arg>delay=0.5s</arg>
<tag>PageContent</tag>
<tag>Setter</tag>
<doc>Simulates mouse click on the element found by ``selector``.</doc>
<status status="PASS" starttime="20220426 18:28:53.575" endtime="20220426 18:28:55.451"/>
</kw>
<status status="PASS" starttime="20220426 18:28:53.489" endtime="20220426 18:28:55.452"/>
</kw>
<kw name="Verify page Kasetsart University" library="Keywords_test1">
<kw name="Get Text" library="Browser">
<var>${text_ku}</var>
<arg>${lbl_title_nisit}</arg>
<tag>Assertion</tag>
<tag>Getter</tag>
<tag>PageContent</tag>
<doc>Returns text attribute of the element found by ``selector``.</doc>
<msg timestamp="20220426 18:29:01.847" level="INFO">${text_ku} = เข้าใช้งานระบบลงทะเบียนนิสิต</msg>
<status status="PASS" starttime="20220426 18:28:55.453" endtime="20220426 18:29:01.847"/>
</kw>
<kw name="Should Be Equal" library="BuiltIn">
<arg>${text_ku}</arg>
<arg>เข้าใช้งานระบบลงทะเบียนนิสิต</arg>
<doc>Fails if the given objects are unequal.</doc>
<status status="PASS" starttime="20220426 18:29:01.848" endtime="20220426 18:29:01.849"/>
</kw>
<status status="PASS" starttime="20220426 18:28:55.452" endtime="20220426 18:29:01.849"/>
</kw>
<status status="PASS" starttime="20220426 18:28:08.399" endtime="20220426 18:29:01.850"/>
</test>
<status status="PASS" starttime="20220426 18:27:58.179" endtime="20220426 18:29:02.229"/>
</suite>
<statistics>
<total>
<stat pass="1" fail="0" skip="0">All Tests</stat>
</total>
<tag>
</tag>
<suite>
<stat pass="1" fail="0" skip="0" id="s1" name="Test1">Test1</stat>
</suite>
</statistics>
<errors>
</errors>
</robot>
