<?xml version="1.0" encoding="UTF-8"?>
<robot generator="Robot 4.1.3 (Python 3.10.2 on win32)" generated="20220426 18:29:15.159" rpa="false" schemaversion="2">
<suite id="s1" name="Test1" source="C:\Users\Admin\OneDrive\เดสก์ท็อป\Test\Test1\Testsuite\test1.robot">
<test id="s1-t1" name="TC_005 Search Kasetsart University and มหาวิทยาลัยเกษตรศาสตร์ correct and verify result webpage">
<kw name="Open Webpage" library="Keywords_test1">
<kw name="New Browser" library="Browser">
<arg>browser=chromium</arg>
<arg>headless=False</arg>
<tag>BrowserControl</tag>
<tag>Setter</tag>
<doc>Create a new playwright Browser with specified options.</doc>
<msg timestamp="20220426 18:29:19.899" level="INFO">{"browser": "chromium", "headless": false, "handleSIGINT": true, "handleSIGTERM": true, "handleSIGHUP": true, "timeout": 30000.0, "devtools": false, "slowMo": 0.0, "tracesDir": "C:\\Users\\Admin\\OneDrive\\\u0e40\u0e14\u0e2a\u0e01\u0e4c\u0e17\u0e47\u0e2d\u0e1b\\Test\\Test1\\Testsuite\\Result\\pabot_results\\4\\browser\\traces\\c9501578-ca2f-4184-9eb3-bbf84d7ee8e1"}</msg>
<msg timestamp="20220426 18:29:28.033" level="INFO">Successfully created browser with options: {"browser":"chromium","headless":false,"handleSIGINT":true,"handleSIGTERM":true,"handleSIGHUP":true,"timeout":30000,"devtools":false,"slowMo":0,"tracesDir":"C:\\Users\\Admin\\OneDrive\\เดสก์ท็อป\\Test\\Test1\\Testsuite\\Result\\pabot_results\\4\\browser\\traces\\c9501578-ca2f-4184-9eb3-bbf84d7ee8e1"}</msg>
<status status="PASS" starttime="20220426 18:29:19.899" endtime="20220426 18:29:28.033"/>
</kw>
<kw name="New Page" library="Browser">
<arg>${URL}</arg>
<tag>BrowserControl</tag>
<tag>Setter</tag>
<doc>Open a new Page.</doc>
<msg timestamp="20220426 18:29:31.897" level="INFO">Successfully initialized new page object and opened url: https://www.google.co.th/</msg>
<msg timestamp="20220426 18:29:31.897" level="INFO">No context was open. New context was automatically opened when this page is created.</msg>
<status status="PASS" starttime="20220426 18:29:28.033" endtime="20220426 18:29:31.897"/>
</kw>
<status status="PASS" starttime="20220426 18:29:19.899" endtime="20220426 18:29:31.898"/>
</kw>
<kw name="Input Text Box" library="Keywords_test1">
<arg>${txt_ku}</arg>
<kw name="Type Text" library="Browser">
<arg>${txt_search}</arg>
<arg>${Text}</arg>
<tag>PageContent</tag>
<tag>Setter</tag>
<doc>Types the given ``txt`` into the text field found by ``selector``.</doc>
<msg timestamp="20220426 18:29:31.900" level="INFO">Types the text 'มหาวิทยาลัยเกษตรศาสตร์' in the given field.</msg>
<status status="PASS" starttime="20220426 18:29:31.899" endtime="20220426 18:29:32.554"/>
</kw>
<status status="PASS" starttime="20220426 18:29:31.898" endtime="20220426 18:29:32.554"/>
</kw>
<kw name="Enter Search" library="Keywords_test1">
<kw name="Press Keys" library="Browser">
<arg>${txt_search}</arg>
<arg>Enter</arg>
<tag>PageContent</tag>
<tag>Setter</tag>
<doc>Types the given key combination into element found by ``selector``.</doc>
<status status="PASS" starttime="20220426 18:29:32.555" endtime="20220426 18:29:32.979"/>
</kw>
<kw name="Sleep" library="BuiltIn">
<arg>5s</arg>
<doc>Pauses the test executed for the given time.</doc>
<msg timestamp="20220426 18:29:37.992" level="INFO">Slept 5 seconds</msg>
<status status="PASS" starttime="20220426 18:29:32.979" endtime="20220426 18:29:37.992"/>
</kw>
<status status="PASS" starttime="20220426 18:29:32.554" endtime="20220426 18:29:37.992"/>
</kw>
<kw name="Verify Text Search Result Webpage" library="Keywords_test1">
<kw name="Get Text" library="Browser">
<var>${text_ku}</var>
<arg>${lbl_1stlink}</arg>
<tag>Assertion</tag>
<tag>Getter</tag>
<tag>PageContent</tag>
<doc>Returns text attribute of the element found by ``selector``.</doc>
<msg timestamp="20220426 18:29:38.064" level="INFO">${text_ku} = มหาวิทยาลัยเกษตรศาสตร์</msg>
<status status="PASS" starttime="20220426 18:29:37.992" endtime="20220426 18:29:38.064"/>
</kw>
<kw name="Should Be Equal" library="BuiltIn">
<arg>${text_ku}</arg>
<arg>มหาวิทยาลัยเกษตรศาสตร์</arg>
<doc>Fails if the given objects are unequal.</doc>
<status status="PASS" starttime="20220426 18:29:38.068" endtime="20220426 18:29:38.069"/>
</kw>
<status status="PASS" starttime="20220426 18:29:37.992" endtime="20220426 18:29:38.069"/>
</kw>
<tag>Test</tag>
<status status="PASS" starttime="20220426 18:29:19.889" endtime="20220426 18:29:38.069"/>
</test>
<status status="PASS" starttime="20220426 18:29:15.189" endtime="20220426 18:29:38.484"/>
</suite>
<statistics>
<total>
<stat pass="1" fail="0" skip="0">All Tests</stat>
</total>
<tag>
<stat pass="1" fail="0" skip="0">Test</stat>
</tag>
<suite>
<stat pass="1" fail="0" skip="0" id="s1" name="Test1">Test1</stat>
</suite>
</statistics>
<errors>
</errors>
</robot>
